[03:19:22] [ServerMain/INFO]: Environment: Environment[sessionHost=https://sessionserver.mojang.com, servicesHost=https://api.minecraftservices.com, name=PROD]
[03:19:24] [ServerMain/INFO]: Loaded 1290 recipes
[03:19:25] [ServerMain/INFO]: Loaded 1399 advancements
[03:19:26] [Server thread/INFO]: Starting minecraft server version 1.21
[03:19:26] [Server thread/INFO]: Loading properties
[03:19:26] [Server thread/INFO]: This server is running Purpur version 1.21-2244-ver/1.21@21ec259 (2024-06-22T09:16:24Z) (Implementing API version 1.21-R0.1-SNAPSHOT)
[03:19:28] [Server thread/INFO]: Server Ping Player Sample Count: 12
[03:19:28] [Server thread/INFO]: Using 4 threads for Netty based IO
[03:19:28] [Server thread/INFO]: [ChunkTaskScheduler] Chunk system is using 1 I/O threads, 1 worker threads, and population gen parallelism of 1 threads
[03:19:30] [Server thread/INFO]: Default game type: SURVIVAL
[03:19:30] [Server thread/INFO]: Generating keypair
[03:19:30] [Server thread/INFO]: Starting Minecraft server on *:25565
[03:19:31] [Server thread/INFO]: Using epoll channel type
[03:19:31] [Server thread/INFO]: Paper: Using libdeflate (Linux x86_64) compression from Velocity.
[03:19:31] [Server thread/INFO]: Paper: Using OpenSSL 1.1.x (Linux x86_64) cipher from Velocity.
[03:19:33] [Server thread/INFO]: [Minepacks] PCGF-PluginLib not installed. Switching to standalone mode!
[03:19:34] [Server thread/INFO]: [ViaVersion] Loading server plugin ViaVersion v5.0.1
[03:19:34] [Server thread/INFO]: [ViaVersion] ViaVersion 5.0.1 is now loaded. Registering protocol transformers and injecting...
[03:19:35] [Via-Mappingloader-0/INFO]: [ViaVersion] Loading block connection mappings ...
[03:19:36] [Via-Mappingloader-0/INFO]: [ViaVersion] Using FastUtil Long2ObjectOpenHashMap for block connections
[03:19:37] [Server thread/INFO]: [ViaBackwards] Loading translations...
[03:19:37] [Server thread/INFO]: [ViaBackwards] Registering protocols...
[03:19:39] [Server thread/INFO]: [LuckPerms] Loading server plugin LuckPerms v5.4.131
[03:19:39] [Server thread/INFO]: [Vault] Loading server plugin Vault v1.7.3-b131
[03:19:39] [Server thread/INFO]: [WorldEdit] Loading server plugin WorldEdit v7.3.4-beta-01+0452ca2
[03:19:42] [Server thread/INFO]: Got request to register class com.sk89q.worldedit.bukkit.BukkitServerInterface with WorldEdit [com.sk89q.worldedit.extension.platform.PlatformManager@289ee44d]
[03:19:42] [Server thread/INFO]: [PlaceholderAPI] Loading server plugin PlaceholderAPI v2.11.6
[03:19:42] [Server thread/INFO]: [WorldGuard] Loading server plugin WorldGuard v7.0.10+d9424b1
[03:19:42] [Server thread/INFO]: [ViaBackwards] Loading server plugin ViaBackwards v5.0.0
[03:19:42] [Server thread/INFO]: [Essentials] Loading server plugin Essentials v2.21.0-dev+93-3a6fdd9
[03:19:42] [Server thread/INFO]: [spark] Loading server plugin spark v1.10.73
[03:19:42] [Server thread/INFO]: [PerWorldPlugins] Loading server plugin PerWorldPlugins v1.5.4
[03:19:42] [Server thread/INFO]: [PerWorldPlugins] Enabling PerWorldPlugins v1.5.4
[03:19:43] [Server thread/INFO]: <---------------------------------------->
[03:19:43] [Server thread/INFO]: PerWorldPlugins 1.5.4 has been enabled.
[03:19:43] [Server thread/INFO]: <---------------------------------------->
[03:19:43] [Server thread/INFO]: [AuraSkills] Loading server plugin AuraSkills v2.1.3
[03:19:43] [Server thread/INFO]: [Storage] Loading server plugin Storage v2.1.9
[03:19:43] [Server thread/INFO]: [Storage] Registered flag storage
[03:19:43] [Server thread/INFO]: [Storage] Hook with WorldGuard
[03:19:43] [Server thread/INFO]: [playit-gg] Loading server plugin playit-gg v0.1.4
[03:19:43] [Server thread/INFO]: [SkinsRestorer] Loading server plugin SkinsRestorer v15.0.15
[03:19:43] [Server thread/INFO]: [VeinMiner] Loading server plugin VeinMiner v2.2.4
[03:19:43] [Server thread/INFO]: [VeinMiner] Found WorldGuard. Registering custom region flag.
[03:19:44] [Server thread/INFO]: [Minepacks] Loading server plugin Minepacks v2.4.31.3-T20240619115850
[03:19:44] [Server thread/INFO]: [EssentialsChat] Loading server plugin EssentialsChat v2.21.0-dev+93-3a6fdd9
[03:19:44] [Server thread/INFO]: [ServersNPC] Loading server plugin ServersNPC v4.7
[03:19:44] [Server thread/INFO]: [GSit] Loading server plugin GSit v1.9.3
[03:19:44] [Server thread/INFO]: Server permissions file permissions.yml is empty, ignoring it
[03:19:44] [Server thread/INFO]: [LuckPerms] Enabling LuckPerms v5.4.131
[03:19:46] [Server thread/INFO]:         __    
[03:19:46] [Server thread/INFO]:   |    |__)   LuckPerms v5.4.131
[03:19:46] [Server thread/INFO]:   |___ |      Running on Bukkit - Purpur
[03:19:46] [Server thread/INFO]: 
[03:19:46] [Server thread/INFO]: [LuckPerms] Loading configuration...
[03:19:47] [Server thread/INFO]: [LuckPerms] Loading storage provider... [H2]
[03:19:48] [Server thread/INFO]: [LuckPerms] Loading internal permission managers...
[03:19:49] [Server thread/INFO]: [LuckPerms] Performing initial data load...
[03:19:49] [Server thread/INFO]: [LuckPerms] Successfully enabled. (took 5605ms)
[03:19:50] [Server thread/INFO]: [Vault] Enabling Vault v1.7.3-b131
[03:19:50] [Server thread/INFO]: [Vault] [Economy] Essentials Economy found: Waiting
[03:19:50] [Server thread/INFO]: [Vault] [Permission] SuperPermissions loaded as backup permission system.
[03:19:51] [Server thread/INFO]: [Vault] Enabled Version 1.7.3-b131
[03:19:51] [Server thread/INFO]: [LuckPerms] Registered Vault permission & chat hook.
[03:19:51] [Server thread/INFO]: [WorldEdit] Enabling WorldEdit v7.3.4-beta-01+0452ca2
[03:19:51] [Server thread/INFO]: Registering commands with com.sk89q.worldedit.bukkit.BukkitServerInterface
[03:19:51] [Server thread/INFO]: WEPIF: Vault detected! Using Vault for permissions
[03:19:54] [Server thread/INFO]: Using com.sk89q.worldedit.bukkit.adapter.impl.v1_21.PaperweightAdapter as the Bukkit adapter
[03:19:56] [Server thread/INFO]: [SkinsRestorer] Enabling SkinsRestorer v15.0.15
[03:19:58] [Server thread/INFO]: [SkinsRestorer] Running on Minecraft 1.21.
[03:19:58] [Server thread/INFO]: [PlaceholderAPI] Successfully registered internal expansion: skinsrestorer [15.0.15]
[03:19:58] [Server thread/INFO]: [SkinsRestorer] PlaceholderAPI expansion registered!
[03:19:59] [Server thread/INFO]: [SkinsRestorer] Using paper join listener!
[03:19:59] [Server thread/WARN]: **** SERVER IS RUNNING IN OFFLINE/INSECURE MODE!
[03:19:59] [Server thread/WARN]: The server will make no attempt to authenticate usernames. Beware.
[03:19:59] [Server thread/WARN]: While this makes the game possible to play without internet access, it also opens up the ability for hackers to connect with any username they choose.
[03:19:59] [Server thread/WARN]: To change this, set "online-mode" to "true" in the server.properties file.
[03:19:59] [Server thread/INFO]: Preparing level "world"
[03:19:59] [Folia Async Scheduler Thread #1/INFO]: [SkinsRestorer] ----------------------------------------------
[03:19:59] [Folia Async Scheduler Thread #1/INFO]: [SkinsRestorer]     +==================+
[03:19:59] [Folia Async Scheduler Thread #1/INFO]: [SkinsRestorer]     |   SkinsRestorer  |
[03:19:59] [Folia Async Scheduler Thread #1/INFO]: [SkinsRestorer]     |------------------|
[03:19:59] [Folia Async Scheduler Thread #1/INFO]: [SkinsRestorer]     |  Standalone Mode |
[03:19:59] [Folia Async Scheduler Thread #1/INFO]: [SkinsRestorer]     +==================+
[03:19:59] [Folia Async Scheduler Thread #1/INFO]: [SkinsRestorer] ----------------------------------------------
[03:19:59] [Folia Async Scheduler Thread #1/INFO]: [SkinsRestorer]     Version: 15.0.15
[03:19:59] [Folia Async Scheduler Thread #1/INFO]: [SkinsRestorer]     Commit: fcfa8b9
[03:19:59] [Folia Async Scheduler Thread #1/INFO]: [SkinsRestorer]     This is the latest version!
[03:19:59] [Folia Async Scheduler Thread #1/INFO]: [SkinsRestorer] ----------------------------------------------
[03:20:01] [Server thread/INFO]: Preparing start region for dimension minecraft:overworld
[03:20:03] [Server thread/INFO]: Time elapsed: 1802 ms
[03:20:03] [Server thread/INFO]: Preparing start region for dimension minecraft:the_nether
[03:20:04] [Server thread/INFO]: Time elapsed: 1031 ms
[03:20:04] [Server thread/INFO]: Preparing start region for dimension minecraft:the_end
[03:20:04] [Server thread/INFO]: Time elapsed: 318 ms
[03:20:04] [Server thread/INFO]: [ViaVersion] Enabling ViaVersion v5.0.1
[03:20:04] [Server thread/INFO]: [ViaVersion] ViaVersion detected server version: 1.21 (767)
[03:20:05] [Server thread/INFO]: [PlaceholderAPI] Enabling PlaceholderAPI v2.11.6
[03:20:05] [Server thread/INFO]: [PlaceholderAPI] Fetching available expansion information...
[03:20:05] [Server thread/INFO]: [WorldGuard] Enabling WorldGuard v7.0.10+d9424b1
[03:20:06] [Server thread/INFO]: [WorldGuard] (world) TNT ignition is PERMITTED.
[03:20:06] [Server thread/INFO]: [WorldGuard] (world) Lighters are PERMITTED.
[03:20:06] [Server thread/INFO]: [WorldGuard] (world) Lava fire is PERMITTED.
[03:20:06] [Server thread/INFO]: [WorldGuard] (world) Fire spread is UNRESTRICTED.
[03:20:06] [Server thread/INFO]: [WorldGuard] Loaded configuration for world 'world'
[03:20:06] [Server thread/INFO]: [WorldGuard] (world_nether) TNT ignition is PERMITTED.
[03:20:06] [Server thread/INFO]: [WorldGuard] (world_nether) Lighters are PERMITTED.
[03:20:06] [Server thread/INFO]: [WorldGuard] (world_nether) Lava fire is PERMITTED.
[03:20:06] [Server thread/INFO]: [WorldGuard] (world_nether) Fire spread is UNRESTRICTED.
[03:20:06] [Server thread/INFO]: [WorldGuard] Loaded configuration for world 'world_nether'
[03:20:06] [Server thread/INFO]: [WorldGuard] (world_the_end) TNT ignition is PERMITTED.
[03:20:06] [Server thread/INFO]: [WorldGuard] (world_the_end) Lighters are PERMITTED.
[03:20:06] [Server thread/INFO]: [WorldGuard] (world_the_end) Lava fire is PERMITTED.
[03:20:06] [Server thread/INFO]: [WorldGuard] (world_the_end) Fire spread is UNRESTRICTED.
[03:20:07] [Server thread/INFO]: [WorldGuard] Loaded configuration for world 'world_the_end'
[03:20:07] [Server thread/INFO]: [WorldGuard] Loading region data...
[03:20:08] [Server thread/INFO]: [ViaBackwards] Enabling ViaBackwards v5.0.0
[03:20:08] [Server thread/INFO]: [Essentials] Enabling Essentials v2.21.0-dev+93-3a6fdd9
[03:20:10] [Server thread/ERROR]: [Essentials] You are running an unsupported server version!
[03:20:11] [Server thread/INFO]: [Essentials] Attempting to convert old kits in config.yml to new kits.yml
[03:20:11] [Server thread/INFO]: [Essentials] No kits found to migrate.
[03:20:12] [Server thread/INFO]: [Essentials] Loaded 39121 items from items.json.
[03:20:12] [Server thread/INFO]: [Essentials] Using locale en
[03:20:12] [Server thread/INFO]: [Essentials] ServerListPingEvent: Spigot iterator API
[03:20:14] [Server thread/INFO]: [Essentials] Starting Metrics. Opt-out using the global bStats config.
[03:20:14] [Server thread/INFO]: [Vault] [Economy] Essentials Economy hooked.
[03:20:14] [Server thread/INFO]: [Essentials] Using Vault based permissions (LuckPerms)
[03:20:14] [Server thread/INFO]: [spark] Enabling spark v1.10.73
[03:20:16] [Server thread/INFO]: [spark] Using Paper ServerTickStartEvent for tick monitoring
[03:20:16] [Server thread/INFO]: [spark] Starting background profiler...
[03:20:25] [Server thread/INFO]: [PlaceholderAPI] Successfully registered internal expansion: spark [1.10.73]
[03:20:25] [Server thread/INFO]: [spark] Registered PlaceholderAPI placeholders
[03:20:25] [Server thread/INFO]: [AuraSkills] Enabling AuraSkills v2.1.3
[03:20:26] [Server thread/INFO]: [AuraSkills] Loaded 21 message files
[03:20:26] [Server thread/INFO]: [AuraSkills] Successfully registered hook LuckPerms
[03:20:26] [Server thread/INFO]: [PlaceholderAPI] Successfully registered internal expansion: auraskills [2.1.3]
[03:20:26] [Server thread/INFO]: [PlaceholderAPI] Successfully registered internal expansion: aureliumskills [2.1.3]
[03:20:26] [Server thread/INFO]: [AuraSkills] Successfully registered hook PlaceholderAPI
[03:20:26] [Server thread/INFO]: [AuraSkills] Successfully registered hook Vault
[03:20:26] [Server thread/INFO]: [AuraSkills] Successfully registered hook WorldGuard
[03:20:26] [Server thread/INFO]: [AuraSkills] Loaded 116 config options in 80 ms
[03:20:26] [Server thread/INFO]: [NBTAPI] [NBTAPI] Found Minecraft: 1.21! Trying to find NMS support
[03:20:26] [Server thread/WARN]: [NBTAPI] [NBTAPI] This Server-Version(1.21-R0.1-SNAPSHOT) is not supported by this NBT-API Version(2.13.0) located in AuraSkills. The NBT-API will try to work as good as it can! Some functions may not work!
[03:20:26] [Server thread/INFO]: [NBTAPI] [NBTAPI] Using the plugin 'AuraSkills' to create a bStats instance!
[03:20:26] [Server thread/WARN]: [AuraSkills] NBT API is not yet supported for your Minecraft version, item modifier, requirement, and some other functionality is disabled!
[03:20:27] [Server thread/INFO]: [AuraSkills] Loaded 3 blocked worlds.
[03:20:27] [Server thread/INFO]: [AuraSkills] [ACF] Enabled Asynchronous Tab Completion Support!
[03:20:28] [Server thread/INFO]: [Storage] Enabling Storage v2.1.9
[03:20:28] [Server thread/INFO]: [PlaceholderAPI] Successfully registered internal expansion: storage [2.1.9]
[03:20:28] [Server thread/INFO]: [Storage] Loaded SQLite Data
[03:20:28] [Server thread/ERROR]: Error occurred while enabling Storage v2.1.9 (Is it up to date?)
java.lang.NumberFormatException: For input string: "craftbukkit"
	at java.base/java.lang.NumberFormatException.forInputString(NumberFormatException.java:67) ~[?:?]
	at java.base/java.lang.Integer.parseInt(Integer.java:662) ~[?:?]
	at java.base/java.lang.Integer.parseInt(Integer.java:778) ~[?:?]
	at Storage.jar/net.danh.storage.NMS.NMSVersion.<init>(NMSVersion.java:42) ~[Storage.jar:?]
	at Storage.jar/net.danh.storage.NMS.NMSAssistant.getNMSVersion(NMSAssistant.java:11) ~[Storage.jar:?]
	at Storage.jar/net.danh.storage.NMS.NMSAssistant.isVersionLessThanOrEqualTo(NMSAssistant.java:51) ~[Storage.jar:?]
	at Storage.jar/net.danh.storage.Manager.MineManager.loadBlocks(MineManager.java:181) ~[Storage.jar:?]
	at Storage.jar/net.danh.storage.Storage.onEnable(Storage.java:66) ~[Storage.jar:?]
	at org.bukkit.plugin.java.JavaPlugin.setEnabled(JavaPlugin.java:288) ~[paper-mojangapi-1.21-R0.1-SNAPSHOT.jar:?]
	at io.papermc.paper.plugin.manager.PaperPluginInstanceManager.enablePlugin(PaperPluginInstanceManager.java:202) ~[purpur-1.21.jar:1.21-2244-21ec259]
	at io.papermc.paper.plugin.manager.PaperPluginManagerImpl.enablePlugin(PaperPluginManagerImpl.java:109) ~[purpur-1.21.jar:1.21-2244-21ec259]
	at org.bukkit.plugin.SimplePluginManager.enablePlugin(SimplePluginManager.java:520) ~[paper-mojangapi-1.21-R0.1-SNAPSHOT.jar:?]
	at org.bukkit.craftbukkit.CraftServer.enablePlugin(CraftServer.java:643) ~[purpur-1.21.jar:1.21-2244-21ec259]
	at org.bukkit.craftbukkit.CraftServer.enablePlugins(CraftServer.java:592) ~[purpur-1.21.jar:1.21-2244-21ec259]
	at net.minecraft.server.MinecraftServer.loadWorld0(MinecraftServer.java:693) ~[purpur-1.21.jar:1.21-2244-21ec259]
	at net.minecraft.server.MinecraftServer.loadLevel(MinecraftServer.java:455) ~[purpur-1.21.jar:1.21-2244-21ec259]
	at net.minecraft.server.dedicated.DedicatedServer.initServer(DedicatedServer.java:361) ~[purpur-1.21.jar:1.21-2244-21ec259]
	at net.minecraft.server.MinecraftServer.runServer(MinecraftServer.java:1171) ~[purpur-1.21.jar:1.21-2244-21ec259]
	at net.minecraft.server.MinecraftServer.lambda$spin$0(MinecraftServer.java:332) ~[purpur-1.21.jar:1.21-2244-21ec259]
	at java.base/java.lang.Thread.run(Thread.java:1583) ~[?:?]
[03:20:28] [Server thread/INFO]: [Storage] Disabling Storage v2.1.9
[03:20:28] [Server thread/INFO]: [playit-gg] Enabling playit-gg v0.1.4
[03:20:30] [Thread-17/INFO]: [gg.playit.minecraft.PlayitKeysSetup] secret key found, checking
[03:20:30] [Thread-17/INFO]: [gg.playit.minecraft.PlayitKeysSetup] check secret
[03:20:30] [Server thread/INFO]: [VeinMiner] Enabling VeinMiner v2.2.4
[03:20:30] [Server thread/INFO]: [VeinMiner] Using SQLITE for persistent storage.
[03:20:30] [Server thread/INFO]: [VeinMiner] Loading configuration options to local memory
[03:20:30] [Server thread/INFO]: [VeinMiner] Added 13 aliases.
[03:20:30] [Server thread/INFO]: [VeinMiner] Registered category with id "Axe" holding 6 unique items and 26 unique blocks.
[03:20:30] [Server thread/INFO]: [VeinMiner] Registered category with id "Hoe" holding 6 unique items and 10 unique blocks.
[03:20:30] [Server thread/INFO]: [VeinMiner] Registered category with id "Pickaxe" holding 6 unique items and 23 unique blocks.
[03:20:30] [Server thread/INFO]: [VeinMiner] Registered category with id "Shears" holding 1 unique items and 27 unique blocks.
[03:20:30] [Server thread/INFO]: [VeinMiner] Registered category with id "Shovel" holding 6 unique items and 10 unique blocks.
[03:20:30] [Server thread/WARN]: [VeinMiner] No block list configured for category with id "Hand"! Is this intentional?
[03:20:30] [Server thread/INFO]: [VeinMiner] Registered category with id "Hand" holding 0 unique items and 0 unique blocks.
[03:20:30] [Server thread/INFO]: [VeinMiner] Performing an update check!
[03:20:30] [Server thread/INFO]: [VeinMiner] Registering commands
[03:20:30] [Server thread/INFO]: [VeinMiner] Registering events
[03:20:30] [Server thread/INFO]: [PlaceholderAPI] Successfully registered internal expansion: veinminer [2.2.4]
[03:20:30] [Server thread/INFO]: [VeinMiner] Vault found. Attempting to enable economy support...
[03:20:30] [Server thread/INFO]: [VeinMiner] Enabling Plugin Metrics
[03:20:30] [Server thread/INFO]: [VeinMiner] Thanks for enabling Metrics! The anonymous stats are appreciated
[03:20:30] [Server thread/INFO]: [Minepacks] Enabling Minepacks v2.4.31.3-T20240619115850
[03:20:30] [Server thread/INFO]: [Minepacks] Starting Minepacks in standalone mode!
[03:20:31] [Thread-19/INFO]: [VeinMiner] You are on the latest version of VeinMiner.
[03:20:31] [Server thread/INFO]: [Minepacks] Config file successfully loaded.
[03:20:32] [Server thread/WARN]: [Minepacks] Paper support is experimental! Use at your own risk!
[03:20:32] [Server thread/WARN]: [Minepacks] No guarantee for data integrity! Backup constantly!
[03:20:32] [Server thread/INFO]: [Minepacks] Language file successfully loaded. Language: english  Author: GeorgH93
[03:20:32] [Thread-17/INFO]: [gg.playit.minecraft.PlayitKeysSetup] found minecraft java tunnel: listings-december.gl.joinmc.link
[03:20:32] [Thread-17/INFO]: [gg.playit.minecraft.PlayitManager] keys and tunnel setup
[03:20:32] [Thread-17/WARN]: [gg.playit.control.ChannelSetup] Got IO error working with :control.playit.gg/2602:fbaf:848:0:0:0:0:1, error : java.net.SocketException: Network is unreachable
[03:20:32] [Server thread/INFO]: [at.pcgamingfreaks.MinepacksStandalone.libs.com.zaxxer.hikari.HikariDataSource] Minepacks-Connection-Pool - Starting...
[03:20:32] [Server thread/INFO]: [at.pcgamingfreaks.MinepacksStandalone.libs.com.zaxxer.hikari.HikariDataSource] Minepacks-Connection-Pool - Start completed.
[03:20:32] [Thread-17/INFO]: [gg.playit.control.ChannelSetup] request queued, waiting 1 second before resend
[03:20:33] [Server thread/INFO]: [Minepacks] Item name language file successfully loaded. Language: english  Author: GeorgH93
[03:20:33] [Server thread/INFO]: [Minepacks] Loading item translations ...
[03:20:33] [Server thread/INFO]: [Minepacks] Finished loading item translations for 826 items.
[03:20:33] [Server thread/INFO]: [PlaceholderAPI] Successfully registered internal expansion: minepacks [2.4.31.3-T20240619115850]
[03:20:33] [Server thread/INFO]: [Minepacks] PlaceholderAPI hook was successfully registered!
[03:20:33] [Server thread/INFO]: [Minepacks]  Minepacks has been enabled!  :) 
[03:20:33] [Server thread/INFO]: [EssentialsChat] Enabling EssentialsChat v2.21.0-dev+93-3a6fdd9
[03:20:33] [Server thread/INFO]: [EssentialsChat] Starting Metrics. Opt-out using the global bStats config.
[03:20:33] [Server thread/INFO]: [ServersNPC] Enabling ServersNPC v4.7
[03:20:33] [Thread-17/INFO]: [gg.playit.control.ChannelSetup] request queued, waiting 1 second before resend
[03:20:34] [Server thread/INFO]: [GSit] Enabling GSit v1.9.3
[03:20:34] [Server thread/INFO]: [GSit] The plugin was successfully enabled.
[03:20:34] [Server thread/INFO]: [GSit] Link with PlaceholderAPI successful!
[03:20:34] [Server thread/INFO]: [PlaceholderAPI] Successfully registered internal expansion: gsit [1.9.3]
[03:20:34] [Server thread/INFO]: [GSit] Link with ViaVersion successful!
[03:20:34] [Server thread/INFO]: [GSit] Link with WorldGuard successful!
[03:20:34] [Thread-17/INFO]: [gg.playit.control.ChannelSetup] request queued, waiting 1 second before resend
[03:20:35] [Server thread/INFO]: [PlaceholderAPI] Placeholder expansion registration initializing...
[03:20:35] [Server thread/INFO]: Running delayed init tasks
[03:20:35] [Craft Scheduler Thread - 5 - ViaVersion/INFO]: [ViaVersion] Finished mapping loading, shutting down loader executor!
[03:20:35] [Craft Scheduler Thread - 7 - Essentials/INFO]: [Essentials] Fetching version information...
[03:20:35] [Server thread/INFO]: [PerWorldPlugins] Converted all Listeners correctly.
[03:20:35] [Server thread/INFO]: [Essentials] Essentials found a compatible payment resolution method: Vault Compatibility Layer (v1.7.3-b131)!
[03:20:37] [Server thread/INFO]: [AuraSkills] Loaded 11 skills with 312 total sources
[03:20:37] [Server thread/INFO]: [AuraSkills] Loaded 9 stats and 17 traits
[03:20:37] [Server thread/INFO]: [AuraSkills] Loaded 22 pattern rewards and 0 level rewards
[03:20:37] [Server thread/INFO]: [AuraSkills] Loaded 53 loot entries in 4 pools and 2 tables
[03:20:38] [Server thread/INFO]: Environment: Environment[sessionHost=https://sessionserver.mojang.com, servicesHost=https://api.minecraftservices.com, name=PROD]
[03:20:38] [Server thread/INFO]: [AuraSkills] Loaded 6 menus
[03:20:38] [Server thread/INFO]: 0 placeholder hook(s) registered!
[03:20:38] [Server thread/INFO]: Done (72.141s)! For help, type "help"
[03:20:38] [Server thread/WARN]: Can't keep up! Is the server overloaded? Running 3491ms or 69 ticks behind
[03:20:38] [Craft Scheduler Thread - 5 - Vault/INFO]: [Vault] Checking for Updates ... 
[03:20:38] [Craft Scheduler Thread - 5 - Vault/INFO]: [Vault] No new version available
[03:20:38] [Server thread/INFO]: Stopping the server
[03:20:39] [Server thread/INFO]: Stopping server
[03:20:39] [Server thread/INFO]: [GSit] Disabling GSit v1.9.3
[03:20:39] [Server thread/INFO]: [GSit] The plugin was successfully disabled.
[03:20:39] [Server thread/INFO]: [ServersNPC] Disabling ServersNPC v4.7
[03:20:39] [Server thread/INFO]: [EssentialsChat] Disabling EssentialsChat v2.21.0-dev+93-3a6fdd9
[03:20:39] [Server thread/INFO]: [Minepacks] Disabling Minepacks v2.4.31.3-T20240619115850
[03:20:39] [Server thread/INFO]: [Minepacks] PlaceholderAPI hook was successfully unregistered!
[03:20:40] [Server thread/INFO]: [at.pcgamingfreaks.MinepacksStandalone.libs.com.zaxxer.hikari.HikariDataSource] Minepacks-Connection-Pool - Shutdown initiated...
[03:20:40] [Server thread/INFO]: [at.pcgamingfreaks.MinepacksStandalone.libs.com.zaxxer.hikari.HikariDataSource] Minepacks-Connection-Pool - Shutdown completed.
[03:20:40] [Server thread/INFO]: [Minepacks]  Minepacks has been disabled.  :( 
[03:20:40] [Server thread/INFO]: [VeinMiner] Disabling VeinMiner v2.2.4
[03:20:40] [Server thread/INFO]: [VeinMiner] Clearing localized data
[03:20:40] [Server thread/INFO]: [SkinsRestorer] Disabling SkinsRestorer v15.0.15
[03:20:40] [Server thread/INFO]: [playit-gg] Disabling playit-gg v0.1.4
[03:20:40] [Server thread/INFO]: [AuraSkills] Disabling AuraSkills v2.1.3
[03:20:40] [Server thread/INFO]: [PerWorldPlugins] Disabling PerWorldPlugins v1.5.4
[03:20:40] [Server thread/INFO]: [spark] Disabling spark v1.10.73
[03:20:40] [Server thread/INFO]: [Essentials] Disabling Essentials v2.21.0-dev+93-3a6fdd9
[03:20:40] [Server thread/INFO]: [Vault] [Economy] Essentials Economy unhooked.
[03:20:41] [Server thread/INFO]: [ViaBackwards] Disabling ViaBackwards v5.0.0
[03:20:41] [Server thread/INFO]: [WorldGuard] Disabling WorldGuard v7.0.10+d9424b1
[03:20:41] [Server thread/INFO]: [WorldGuard] Shutting down executor and cancelling any pending tasks...
[03:20:41] [Server thread/INFO]: [PlaceholderAPI] Disabling PlaceholderAPI v2.11.6
[03:20:41] [Server thread/INFO]: [WorldEdit] Disabling WorldEdit v7.3.4-beta-01+0452ca2
[03:20:41] [Server thread/INFO]: Unregistering com.sk89q.worldedit.bukkit.BukkitServerInterface from WorldEdit
[03:20:41] [Server thread/INFO]: [Vault] Disabling Vault v1.7.3-b131
[03:20:41] [Server thread/INFO]: [LuckPerms] Disabling LuckPerms v5.4.131
[03:20:41] [Server thread/INFO]: [LuckPerms] Starting shutdown process...
[03:20:41] [Server thread/INFO]: [LuckPerms] Closing storage...
[03:20:41] [Thread-17/INFO]: [gg.playit.minecraft.PlayitManager] control channel shutdown
[03:20:42] [Server thread/INFO]: [LuckPerms] Goodbye!
[03:20:42] [Server thread/INFO]: [ViaVersion] Disabling ViaVersion v5.0.1
[03:20:42] [Server thread/INFO]: [ViaVersion] ViaVersion is disabling, if this is a reload and you experience issues consider rebooting.
[03:20:42] [Server thread/INFO]: Saving players
[03:20:43] [Server thread/INFO]: Saving worlds
[03:20:43] [Server thread/INFO]: Saving chunks for level 'ServerLevel[world]'/minecraft:overworld
[03:20:44] [Server thread/INFO]: [ChunkHolderManager] Waiting 60s for chunk system to halt for world 'world'
[03:20:44] [Server thread/INFO]: [ChunkHolderManager] Halted chunk system for world 'world'
[03:20:44] [Server thread/INFO]: [ChunkHolderManager] Saving all chunkholders for world 'world'
[03:20:45] [Server thread/INFO]: [ChunkHolderManager] Saved 49 block chunks, 49 entity chunks, 0 poi chunks in world 'world' in 1.30s
[03:20:45] [Server thread/INFO]: Saving chunks for level 'ServerLevel[world_nether]'/minecraft:the_nether
[03:20:45] [Server thread/INFO]: [ChunkHolderManager] Waiting 60s for chunk system to halt for world 'world_nether'
[03:20:45] [Server thread/INFO]: [ChunkHolderManager] Halted chunk system for world 'world_nether'
[03:20:45] [Server thread/INFO]: [ChunkHolderManager] Saving all chunkholders for world 'world_nether'
[03:20:46] [Server thread/INFO]: [ChunkHolderManager] Saved 49 block chunks, 49 entity chunks, 0 poi chunks in world 'world_nether' in 0.82s
[03:20:46] [Server thread/INFO]: Saving chunks for level 'ServerLevel[world_the_end]'/minecraft:the_end
[03:20:47] [Server thread/INFO]: [ChunkHolderManager] Waiting 60s for chunk system to halt for world 'world_the_end'
[03:20:47] [Server thread/INFO]: [ChunkHolderManager] Halted chunk system for world 'world_the_end'
[03:20:47] [Server thread/INFO]: [ChunkHolderManager] Saving all chunkholders for world 'world_the_end'
[03:20:47] [Server thread/INFO]: [ChunkHolderManager] Saved 49 block chunks, 49 entity chunks, 0 poi chunks in world 'world_the_end' in 0.19s
[03:20:47] [Server thread/INFO]: ThreadedAnvilChunkStorage (world): All chunks are saved
[03:20:47] [Server thread/INFO]: ThreadedAnvilChunkStorage (DIM-1): All chunks are saved
[03:20:47] [Server thread/INFO]: ThreadedAnvilChunkStorage (DIM1): All chunks are saved
[03:20:47] [Server thread/INFO]: ThreadedAnvilChunkStorage: All dimensions are saved
